Performing C SOURCE FILE Test CMAKE_HAVE_LIBC_PTHREAD failed with the following output:
Change Dir: /home/alumno/Desktop/ri/robotica/src/robotica_inteligente/build/CMakeFiles/CMakeTmp

Run Build Command(s):/usr/bin/ninja cmTC_d059b && [1/2] Building C object CMakeFiles/cmTC_d059b.dir/src.c.o
[2/2] Linking C executable cmTC_d059b
FAILED: cmTC_d059b 
: && /usr/bin/cc -DCMAKE_HAVE_LIBC_PTHREAD  -rdynamic CMakeFiles/cmTC_d059b.dir/src.c.o  -o cmTC_d059b   && :
/usr/bin/ld: CMakeFiles/cmTC_d059b.dir/src.c.o: en la función `main':
src.c:(.text+0x46): referencia a `pthread_create' sin definir
/usr/bin/ld: src.c:(.text+0x52): referencia a `pthread_detach' sin definir
/usr/bin/ld: src.c:(.text+0x63): referencia a `pthread_join' sin definir
collect2: error: ld returned 1 exit status
ninja: build stopped: subcommand failed.


Source file was:
#include <pthread.h>

void* test_func(void* data)
{
  return data;
}

int main(void)
{
  pthread_t thread;
  pthread_create(&thread, NULL, test_func, NULL);
  pthread_detach(thread);
  pthread_join(thread, NULL);
  pthread_atfork(NULL, NULL, NULL);
  pthread_exit(NULL);

  return 0;
}

Determining if the function pthread_create exists in the pthreads failed with the following output:
Change Dir: /home/alumno/Desktop/ri/robotica/src/robotica_inteligente/build/CMakeFiles/CMakeTmp

Run Build Command(s):/usr/bin/ninja cmTC_de91f && [1/2] Building C object CMakeFiles/cmTC_de91f.dir/CheckFunctionExists.c.o
[2/2] Linking C executable cmTC_de91f
FAILED: cmTC_de91f 
: && /usr/bin/cc -DCHECK_FUNCTION_EXISTS=pthread_create  -rdynamic CMakeFiles/cmTC_de91f.dir/CheckFunctionExists.c.o  -o cmTC_de91f  -lpthreads && :
/usr/bin/ld: no se puede encontrar -lpthreads
collect2: error: ld returned 1 exit status
ninja: build stopped: subcommand failed.



